{
  "stats": {
    "suites": 3,
    "tests": 23,
    "passes": 23,
    "pending": 0,
    "failures": 0,
    "start": "2023-05-21T17:07:09.813Z",
    "end": "2023-05-21T17:07:38.159Z",
    "duration": 28346,
    "testsRegistered": 23,
    "passPercent": 100,
    "pendingPercent": 0,
    "other": 0,
    "hasOther": false,
    "skipped": 0,
    "hasSkipped": false
  },
  "results": [
    {
      "uuid": "856c7930-99b4-434f-be81-44c9d45f1f63",
      "title": "",
      "fullFile": "cypress\\e2e\\app.cy.js",
      "file": "cypress\\e2e\\app.cy.js",
      "beforeHooks": [],
      "afterHooks": [],
      "tests": [],
      "suites": [
        {
          "uuid": "6fc43c9c-393c-4268-8489-974cfdfce4e1",
          "title": "HomePage",
          "fullFile": "",
          "file": "",
          "beforeHooks": [],
          "afterHooks": [],
          "tests": [
            {
              "title": "should display \"ToTopButton\" and work correctly",
              "fullTitle": "HomePage should display \"ToTopButton\" and work correctly",
              "timedOut": null,
              "duration": 2500,
              "state": "passed",
              "speed": "fast",
              "pass": true,
              "fail": false,
              "pending": false,
              "context": null,
              "code": "cy.get('.button-top__icon').click();\ncy.window().its('scrollY').should('equal', 0);",
              "err": {},
              "uuid": "f991a0a0-f5cd-464b-8fa0-1bb638216974",
              "parentUUID": "6fc43c9c-393c-4268-8489-974cfdfce4e1",
              "isHook": false,
              "skipped": false
            },
            {
              "title": "should play video on \"CourseCard\" hover if video is available",
              "fullTitle": "HomePage should play video on \"CourseCard\" hover if video is available",
              "timedOut": null,
              "duration": 3657,
              "state": "passed",
              "speed": "fast",
              "pass": true,
              "fail": false,
              "pending": false,
              "context": null,
              "code": "cy.get('.course-card__image').first().should('be.visible').trigger('mouseover');\ncy.get('.course-card__video').first().should('have.attr', 'loop');",
              "err": {},
              "uuid": "ec9f1ef4-b652-4668-9a4c-94a0b458a168",
              "parentUUID": "6fc43c9c-393c-4268-8489-974cfdfce4e1",
              "isHook": false,
              "skipped": false
            },
            {
              "title": "should show image on \"CourseCard\" hover if video is not available",
              "fullTitle": "HomePage should show image on \"CourseCard\" hover if video is not available",
              "timedOut": null,
              "duration": 2634,
              "state": "passed",
              "speed": "fast",
              "pass": true,
              "fail": false,
              "pending": false,
              "context": null,
              "code": "cy.get('.course-card__image img').first().trigger('mouseover');\ncy.get('.course-card__image img').first().should('be.visible');",
              "err": {},
              "uuid": "a31ef0a4-cc0e-43f6-9692-984c3c2389e7",
              "parentUUID": "6fc43c9c-393c-4268-8489-974cfdfce4e1",
              "isHook": false,
              "skipped": false
            },
            {
              "title": "should display correct search params on pagination click and page reload",
              "fullTitle": "HomePage should display correct search params on pagination click and page reload",
              "timedOut": null,
              "duration": 2864,
              "state": "passed",
              "speed": "fast",
              "pass": true,
              "fail": false,
              "pending": false,
              "context": null,
              "code": "cy.get('.pagination__item').contains('2').click();\ncy.url().should('include', 'page=2');\ncy.reload();\ncy.url().should('include', 'page=2');",
              "err": {},
              "uuid": "ff81403f-b6ce-49cb-b28c-5d7bbdba5fb0",
              "parentUUID": "6fc43c9c-393c-4268-8489-974cfdfce4e1",
              "isHook": false,
              "skipped": false
            },
            {
              "title": "should have \"Logo\" in \"Header\"",
              "fullTitle": "HomePage should have \"Logo\" in \"Header\"",
              "timedOut": null,
              "duration": 414,
              "state": "passed",
              "speed": "fast",
              "pass": true,
              "fail": false,
              "pending": false,
              "context": null,
              "code": "cy.get('.header > a > img').should('be.visible');",
              "err": {},
              "uuid": "c0cfe5c9-de6b-4391-9fa3-cf32e25dce98",
              "parentUUID": "6fc43c9c-393c-4268-8489-974cfdfce4e1",
              "isHook": false,
              "skipped": false
            },
            {
              "title": "should have \"Logo\" in \"Footer\"",
              "fullTitle": "HomePage should have \"Logo\" in \"Footer\"",
              "timedOut": null,
              "duration": 400,
              "state": "passed",
              "speed": "fast",
              "pass": true,
              "fail": false,
              "pending": false,
              "context": null,
              "code": "cy.get('.footer__container > [href=\"#/\"] > img').should('be.visible');",
              "err": {},
              "uuid": "f6b6efdb-1108-4036-82fd-c277204ec25c",
              "parentUUID": "6fc43c9c-393c-4268-8489-974cfdfce4e1",
              "isHook": false,
              "skipped": false
            },
            {
              "title": "should contain a footer link to GitHub",
              "fullTitle": "HomePage should contain a footer link to GitHub",
              "timedOut": null,
              "duration": 358,
              "state": "passed",
              "speed": "fast",
              "pass": true,
              "fail": false,
              "pending": false,
              "context": null,
              "code": "cy.get('.footer__link').should('have.attr', 'href', 'https://github.com/dmytro-lebedchenko').and('contain', 'Github');",
              "err": {},
              "uuid": "dec17b60-c2e3-4aad-8e3f-0bd9ec12964b",
              "parentUUID": "6fc43c9c-393c-4268-8489-974cfdfce4e1",
              "isHook": false,
              "skipped": false
            }
          ],
          "suites": [],
          "passes": [
            "f991a0a0-f5cd-464b-8fa0-1bb638216974",
            "ec9f1ef4-b652-4668-9a4c-94a0b458a168",
            "a31ef0a4-cc0e-43f6-9692-984c3c2389e7",
            "ff81403f-b6ce-49cb-b28c-5d7bbdba5fb0",
            "c0cfe5c9-de6b-4391-9fa3-cf32e25dce98",
            "f6b6efdb-1108-4036-82fd-c277204ec25c",
            "dec17b60-c2e3-4aad-8e3f-0bd9ec12964b"
          ],
          "failures": [],
          "pending": [],
          "skipped": [],
          "duration": 12827,
          "root": false,
          "rootEmpty": false,
          "_timeout": 2000
        },
        {
          "uuid": "18c35c96-828c-4c81-a087-cb4ce11ba574",
          "title": "CoursePage",
          "fullFile": "",
          "file": "",
          "beforeHooks": [],
          "afterHooks": [],
          "tests": [
            {
              "title": "should display the course video",
              "fullTitle": "CoursePage should display the course video",
              "timedOut": null,
              "duration": 2251,
              "state": "passed",
              "speed": "fast",
              "pass": true,
              "fail": false,
              "pending": false,
              "context": null,
              "code": "cy.get('.player__video').should('be.visible');",
              "err": {},
              "uuid": "93944ed4-af85-4e00-ad0a-d74436a4eb3c",
              "parentUUID": "18c35c96-828c-4c81-a087-cb4ce11ba574",
              "isHook": false,
              "skipped": false
            },
            {
              "title": "should display the lesson title",
              "fullTitle": "CoursePage should display the lesson title",
              "timedOut": null,
              "duration": 1508,
              "state": "passed",
              "speed": "fast",
              "pass": true,
              "fail": false,
              "pending": false,
              "context": null,
              "code": "cy.get('.player__title').should('contain.text', 'Behaviors that make people dislike you');",
              "err": {},
              "uuid": "71f4cd79-812c-4868-a9e0-eb03fd942f91",
              "parentUUID": "18c35c96-828c-4c81-a087-cb4ce11ba574",
              "isHook": false,
              "skipped": false
            },
            {
              "title": "should have a back button",
              "fullTitle": "CoursePage should have a back button",
              "timedOut": null,
              "duration": 1818,
              "state": "passed",
              "speed": "fast",
              "pass": true,
              "fail": false,
              "pending": false,
              "context": null,
              "code": "cy.get('.back-button').should('exist');",
              "err": {},
              "uuid": "c4e4a2ba-71a5-4821-931d-dda318a9bcf7",
              "parentUUID": "18c35c96-828c-4c81-a087-cb4ce11ba574",
              "isHook": false,
              "skipped": false
            },
            {
              "title": "should display \"ToTopButton\" and work correctly",
              "fullTitle": "CoursePage should display \"ToTopButton\" and work correctly",
              "timedOut": null,
              "duration": 449,
              "state": "passed",
              "speed": "fast",
              "pass": true,
              "fail": false,
              "pending": false,
              "context": null,
              "code": "cy.get('.button-top__icon').click();\ncy.window().its('scrollY').should('equal', 0);",
              "err": {},
              "uuid": "07e400b2-2bdf-4c2f-a457-e6a5169705d8",
              "parentUUID": "18c35c96-828c-4c81-a087-cb4ce11ba574",
              "isHook": false,
              "skipped": false
            },
            {
              "title": "should have \"Logo\" in \"Header\"",
              "fullTitle": "CoursePage should have \"Logo\" in \"Header\"",
              "timedOut": null,
              "duration": 425,
              "state": "passed",
              "speed": "fast",
              "pass": true,
              "fail": false,
              "pending": false,
              "context": null,
              "code": "cy.get('.header > a > img').should('be.visible');",
              "err": {},
              "uuid": "50bd3537-2308-4282-920a-e1433a4bee8c",
              "parentUUID": "18c35c96-828c-4c81-a087-cb4ce11ba574",
              "isHook": false,
              "skipped": false
            },
            {
              "title": "should navigate back to homepage when clicking on \"Logo\" in \"Header\"",
              "fullTitle": "CoursePage should navigate back to homepage when clicking on \"Logo\" in \"Header\"",
              "timedOut": null,
              "duration": 443,
              "state": "passed",
              "speed": "fast",
              "pass": true,
              "fail": false,
              "pending": false,
              "context": null,
              "code": "cy.get('.header > a > img').click();\ncy.url().should('equal', 'https://dmytro-lebedchenko.github.io/react_courses-app/#/');",
              "err": {},
              "uuid": "020452d6-9506-4b65-8559-df67948ae6c4",
              "parentUUID": "18c35c96-828c-4c81-a087-cb4ce11ba574",
              "isHook": false,
              "skipped": false
            },
            {
              "title": "should have \"Logo\" in \"Footer\"",
              "fullTitle": "CoursePage should have \"Logo\" in \"Footer\"",
              "timedOut": null,
              "duration": 435,
              "state": "passed",
              "speed": "fast",
              "pass": true,
              "fail": false,
              "pending": false,
              "context": null,
              "code": "cy.get('.footer__container > [href=\"#/\"] > img').should('be.visible');",
              "err": {},
              "uuid": "a70f1ebf-1829-4dca-9fb7-352cde33c105",
              "parentUUID": "18c35c96-828c-4c81-a087-cb4ce11ba574",
              "isHook": false,
              "skipped": false
            },
            {
              "title": "should navigate back to homepage when clicking on \"Logo\" in \"Footer\"",
              "fullTitle": "CoursePage should navigate back to homepage when clicking on \"Logo\" in \"Footer\"",
              "timedOut": null,
              "duration": 421,
              "state": "passed",
              "speed": "fast",
              "pass": true,
              "fail": false,
              "pending": false,
              "context": null,
              "code": "cy.get('.footer__container > [href=\"#/\"] > img').click();\ncy.url().should('equal', 'https://dmytro-lebedchenko.github.io/react_courses-app/#/');",
              "err": {},
              "uuid": "4a9219eb-cefe-4035-a12a-75ea3aba67a7",
              "parentUUID": "18c35c96-828c-4c81-a087-cb4ce11ba574",
              "isHook": false,
              "skipped": false
            },
            {
              "title": "should have a playlist with multiple items",
              "fullTitle": "CoursePage should have a playlist with multiple items",
              "timedOut": null,
              "duration": 1693,
              "state": "passed",
              "speed": "fast",
              "pass": true,
              "fail": false,
              "pending": false,
              "context": null,
              "code": "cy.get('.playlist__item').should('have.length.greaterThan', 1);",
              "err": {},
              "uuid": "a55e92f3-bfda-420f-8c0c-2ce8378577ec",
              "parentUUID": "18c35c96-828c-4c81-a087-cb4ce11ba574",
              "isHook": false,
              "skipped": false
            },
            {
              "title": "should display the correct lesson title",
              "fullTitle": "CoursePage should display the correct lesson title",
              "timedOut": null,
              "duration": 2174,
              "state": "passed",
              "speed": "fast",
              "pass": true,
              "fail": false,
              "pending": false,
              "context": null,
              "code": "cy.get('.playlist__item--active > .playlist__item-title').invoke('text').then(playlistTitle => {\n  cy.get('.player__title').invoke('text').should('equal', playlistTitle.trim());\n});",
              "err": {},
              "uuid": "aa0fce00-030e-456c-b5cb-9694749f7104",
              "parentUUID": "18c35c96-828c-4c81-a087-cb4ce11ba574",
              "isHook": false,
              "skipped": false
            },
            {
              "title": "should contain a footer link to GitHub",
              "fullTitle": "CoursePage should contain a footer link to GitHub",
              "timedOut": null,
              "duration": 379,
              "state": "passed",
              "speed": "fast",
              "pass": true,
              "fail": false,
              "pending": false,
              "context": null,
              "code": "cy.get('.footer__link').should('have.attr', 'href', 'https://github.com/dmytro-lebedchenko').and('contain', 'Github');",
              "err": {},
              "uuid": "0f650a27-04e3-4bdf-8efb-6bde238632d9",
              "parentUUID": "18c35c96-828c-4c81-a087-cb4ce11ba574",
              "isHook": false,
              "skipped": false
            }
          ],
          "suites": [],
          "passes": [
            "93944ed4-af85-4e00-ad0a-d74436a4eb3c",
            "71f4cd79-812c-4868-a9e0-eb03fd942f91",
            "c4e4a2ba-71a5-4821-931d-dda318a9bcf7",
            "07e400b2-2bdf-4c2f-a457-e6a5169705d8",
            "50bd3537-2308-4282-920a-e1433a4bee8c",
            "020452d6-9506-4b65-8559-df67948ae6c4",
            "a70f1ebf-1829-4dca-9fb7-352cde33c105",
            "4a9219eb-cefe-4035-a12a-75ea3aba67a7",
            "a55e92f3-bfda-420f-8c0c-2ce8378577ec",
            "aa0fce00-030e-456c-b5cb-9694749f7104",
            "0f650a27-04e3-4bdf-8efb-6bde238632d9"
          ],
          "failures": [],
          "pending": [],
          "skipped": [],
          "duration": 11996,
          "root": false,
          "rootEmpty": false,
          "_timeout": 2000
        },
        {
          "uuid": "02f13a9d-4ada-4c35-886f-7ad4b53deeaf",
          "title": "NotFoundPage",
          "fullFile": "",
          "file": "",
          "beforeHooks": [],
          "afterHooks": [],
          "tests": [
            {
              "title": "should display the \"not found\" message",
              "fullTitle": "NotFoundPage should display the \"not found\" message",
              "timedOut": null,
              "duration": 381,
              "state": "passed",
              "speed": "fast",
              "pass": true,
              "fail": false,
              "pending": false,
              "context": null,
              "code": "cy.get('.not-found-page__title').should('have.text', 'Oh, no! Page is not found...');",
              "err": {},
              "uuid": "50591d67-b291-47c1-b40c-84ec47246381",
              "parentUUID": "02f13a9d-4ada-4c35-886f-7ad4b53deeaf",
              "isHook": false,
              "skipped": false
            },
            {
              "title": "should display the \"not found\" image",
              "fullTitle": "NotFoundPage should display the \"not found\" image",
              "timedOut": null,
              "duration": 286,
              "state": "passed",
              "speed": "fast",
              "pass": true,
              "fail": false,
              "pending": false,
              "context": null,
              "code": "cy.get('.not-found-page__image').should('exist');",
              "err": {},
              "uuid": "ac0b5358-a6d6-4451-af6c-729cd9000b27",
              "parentUUID": "02f13a9d-4ada-4c35-886f-7ad4b53deeaf",
              "isHook": false,
              "skipped": false
            },
            {
              "title": "should display \"ToTopButton\" and work correctly",
              "fullTitle": "NotFoundPage should display \"ToTopButton\" and work correctly",
              "timedOut": null,
              "duration": 795,
              "state": "passed",
              "speed": "fast",
              "pass": true,
              "fail": false,
              "pending": false,
              "context": null,
              "code": "cy.get('.button-top__icon').click();\ncy.window().its('scrollY').should('equal', 0);",
              "err": {},
              "uuid": "c814acb7-69bd-4b98-9efe-8bd7f1dfe5b4",
              "parentUUID": "02f13a9d-4ada-4c35-886f-7ad4b53deeaf",
              "isHook": false,
              "skipped": false
            },
            {
              "title": "should have \"Logo\" in \"Header\"",
              "fullTitle": "NotFoundPage should have \"Logo\" in \"Header\"",
              "timedOut": null,
              "duration": 345,
              "state": "passed",
              "speed": "fast",
              "pass": true,
              "fail": false,
              "pending": false,
              "context": null,
              "code": "cy.get('.header > a > img').should('be.visible');",
              "err": {},
              "uuid": "14977ee4-a19a-4835-8c19-4937597964eb",
              "parentUUID": "02f13a9d-4ada-4c35-886f-7ad4b53deeaf",
              "isHook": false,
              "skipped": false
            },
            {
              "title": "should have \"Logo\" in \"Footer\"",
              "fullTitle": "NotFoundPage should have \"Logo\" in \"Footer\"",
              "timedOut": null,
              "duration": 732,
              "state": "passed",
              "speed": "fast",
              "pass": true,
              "fail": false,
              "pending": false,
              "context": null,
              "code": "cy.get('.footer__container > [href=\"#/\"] > img').should('be.visible');",
              "err": {},
              "uuid": "71e93f4d-c9ca-4b0e-884c-5dc52862e363",
              "parentUUID": "02f13a9d-4ada-4c35-886f-7ad4b53deeaf",
              "isHook": false,
              "skipped": false
            }
          ],
          "suites": [],
          "passes": [
            "50591d67-b291-47c1-b40c-84ec47246381",
            "ac0b5358-a6d6-4451-af6c-729cd9000b27",
            "c814acb7-69bd-4b98-9efe-8bd7f1dfe5b4",
            "14977ee4-a19a-4835-8c19-4937597964eb",
            "71e93f4d-c9ca-4b0e-884c-5dc52862e363"
          ],
          "failures": [],
          "pending": [],
          "skipped": [],
          "duration": 2539,
          "root": false,
          "rootEmpty": false,
          "_timeout": 2000
        }
      ],
      "passes": [],
      "failures": [],
      "pending": [],
      "skipped": [],
      "duration": 0,
      "root": true,
      "rootEmpty": true,
      "_timeout": 2000
    }
  ],
  "meta": {
    "mocha": {
      "version": "7.0.1"
    },
    "mochawesome": {
      "options": {
        "quiet": true,
        "reportFilename": "mochawesome.json",
        "saveHtml": false,
        "saveJson": true,
        "consoleReporter": "spec",
        "useInlineDiffs": false,
        "code": true
      },
      "version": "7.1.3"
    },
    "marge": {
      "options": {
        "id": "default",
        "mochaFile": "cypress/results/results-[hash].xml",
        "toConsole": true,
        "reportDir": "cypress/results",
        "reportFilename": "mochawesome.json",
        "quiet": true,
        "overwrite": false,
        "html": false,
        "json": true
      },
      "version": "6.2.0"
    }
  }
}