{
  "stats": {
    "suites": 3,
    "tests": 24,
    "passes": 24,
    "pending": 0,
    "failures": 0,
    "start": "2023-05-13T18:50:27.001Z",
    "end": "2023-05-13T18:51:01.517Z",
    "duration": 34516,
    "testsRegistered": 24,
    "passPercent": 100,
    "pendingPercent": 0,
    "other": 0,
    "hasOther": false,
    "skipped": 0,
    "hasSkipped": false
  },
  "results": [
    {
      "uuid": "e2302cc0-d962-451e-be54-daca683e141b",
      "title": "",
      "fullFile": "cypress\\e2e\\app.cy.js",
      "file": "cypress\\e2e\\app.cy.js",
      "beforeHooks": [],
      "afterHooks": [],
      "tests": [],
      "suites": [
        {
          "uuid": "b763d81e-ed1a-46be-a651-64aeab07415b",
          "title": "HomePage",
          "fullFile": "",
          "file": "",
          "beforeHooks": [],
          "afterHooks": [],
          "tests": [
            {
              "title": "should display \"ToTopButton\" and work correctly",
              "fullTitle": "HomePage should display \"ToTopButton\" and work correctly",
              "timedOut": null,
              "duration": 2355,
              "state": "passed",
              "speed": "fast",
              "pass": true,
              "fail": false,
              "pending": false,
              "context": null,
              "code": "cy.get('.button-top__icon').click();\ncy.window().its('scrollY').should('equal', 0);",
              "err": {},
              "uuid": "4d3822ef-88b0-4e9c-be72-d4e81e79901d",
              "parentUUID": "b763d81e-ed1a-46be-a651-64aeab07415b",
              "isHook": false,
              "skipped": false
            },
            {
              "title": "should play video on \"CourseCard\" hover if video is available",
              "fullTitle": "HomePage should play video on \"CourseCard\" hover if video is available",
              "timedOut": null,
              "duration": 3477,
              "state": "passed",
              "speed": "fast",
              "pass": true,
              "fail": false,
              "pending": false,
              "context": null,
              "code": "cy.get('.course-card__image').first().trigger('mouseover');\ncy.get('.course-card__video').first().should('have.attr', 'loop');",
              "err": {},
              "uuid": "bebf2fa4-73f7-488b-9698-ce30c00cf324",
              "parentUUID": "b763d81e-ed1a-46be-a651-64aeab07415b",
              "isHook": false,
              "skipped": false
            },
            {
              "title": "should show image on \"CourseCard\" hover if video is not available",
              "fullTitle": "HomePage should show image on \"CourseCard\" hover if video is not available",
              "timedOut": null,
              "duration": 2789,
              "state": "passed",
              "speed": "fast",
              "pass": true,
              "fail": false,
              "pending": false,
              "context": null,
              "code": "cy.get('.course-card__image img').first().trigger('mouseover');\ncy.get('.course-card__image img').first().should('be.visible');",
              "err": {},
              "uuid": "f7e0a6cd-a64b-4c5e-aa8d-2f410eb4839b",
              "parentUUID": "b763d81e-ed1a-46be-a651-64aeab07415b",
              "isHook": false,
              "skipped": false
            },
            {
              "title": "should display correct search params on pagination click and page reload",
              "fullTitle": "HomePage should display correct search params on pagination click and page reload",
              "timedOut": null,
              "duration": 3252,
              "state": "passed",
              "speed": "fast",
              "pass": true,
              "fail": false,
              "pending": false,
              "context": null,
              "code": "cy.get('.pagination__item').contains('2').click();\ncy.url().should('include', 'page=2');\ncy.reload();\ncy.url().should('include', 'page=2');",
              "err": {},
              "uuid": "220f823d-ed74-4e05-b231-6cdf110672ad",
              "parentUUID": "b763d81e-ed1a-46be-a651-64aeab07415b",
              "isHook": false,
              "skipped": false
            },
            {
              "title": "should have \"Logo\" in \"Header\"",
              "fullTitle": "HomePage should have \"Logo\" in \"Header\"",
              "timedOut": null,
              "duration": 683,
              "state": "passed",
              "speed": "fast",
              "pass": true,
              "fail": false,
              "pending": false,
              "context": null,
              "code": "cy.get('.header > a > img').should('be.visible');",
              "err": {},
              "uuid": "1b21f802-4b42-475d-a2ba-c4d075ad93c2",
              "parentUUID": "b763d81e-ed1a-46be-a651-64aeab07415b",
              "isHook": false,
              "skipped": false
            },
            {
              "title": "should have \"Logo\" in \"Footer\"",
              "fullTitle": "HomePage should have \"Logo\" in \"Footer\"",
              "timedOut": null,
              "duration": 907,
              "state": "passed",
              "speed": "fast",
              "pass": true,
              "fail": false,
              "pending": false,
              "context": null,
              "code": "cy.get('.footer__container > [href=\"#/\"] > img').should('be.visible');",
              "err": {},
              "uuid": "d7c08a7d-ca0a-4bb9-a18f-1e35b670a753",
              "parentUUID": "b763d81e-ed1a-46be-a651-64aeab07415b",
              "isHook": false,
              "skipped": false
            },
            {
              "title": "should contain a footer link to GitHub",
              "fullTitle": "HomePage should contain a footer link to GitHub",
              "timedOut": null,
              "duration": 417,
              "state": "passed",
              "speed": "fast",
              "pass": true,
              "fail": false,
              "pending": false,
              "context": null,
              "code": "cy.get('.footer__link').should('have.attr', 'href', 'https://github.com/dmytro-lebedchenko').and('contain', 'Github');",
              "err": {},
              "uuid": "8e654d4a-a3b7-4102-9203-1051888ac913",
              "parentUUID": "b763d81e-ed1a-46be-a651-64aeab07415b",
              "isHook": false,
              "skipped": false
            }
          ],
          "suites": [],
          "passes": [
            "4d3822ef-88b0-4e9c-be72-d4e81e79901d",
            "bebf2fa4-73f7-488b-9698-ce30c00cf324",
            "f7e0a6cd-a64b-4c5e-aa8d-2f410eb4839b",
            "220f823d-ed74-4e05-b231-6cdf110672ad",
            "1b21f802-4b42-475d-a2ba-c4d075ad93c2",
            "d7c08a7d-ca0a-4bb9-a18f-1e35b670a753",
            "8e654d4a-a3b7-4102-9203-1051888ac913"
          ],
          "failures": [],
          "pending": [],
          "skipped": [],
          "duration": 13880,
          "root": false,
          "rootEmpty": false,
          "_timeout": 2000
        },
        {
          "uuid": "9053ba46-cb71-437e-89f8-7a1796e58613",
          "title": "CoursePage",
          "fullFile": "",
          "file": "",
          "beforeHooks": [],
          "afterHooks": [],
          "tests": [
            {
              "title": "should display the course video",
              "fullTitle": "CoursePage should display the course video",
              "timedOut": null,
              "duration": 1670,
              "state": "passed",
              "speed": "fast",
              "pass": true,
              "fail": false,
              "pending": false,
              "context": null,
              "code": "cy.get('.player__video').should('be.visible');",
              "err": {},
              "uuid": "c190a8fc-ca63-43bb-a3ae-f0082c78fed6",
              "parentUUID": "9053ba46-cb71-437e-89f8-7a1796e58613",
              "isHook": false,
              "skipped": false
            },
            {
              "title": "should display the lesson title",
              "fullTitle": "CoursePage should display the lesson title",
              "timedOut": null,
              "duration": 1405,
              "state": "passed",
              "speed": "fast",
              "pass": true,
              "fail": false,
              "pending": false,
              "context": null,
              "code": "cy.get('.player__title').should('contain.text', 'Behaviors that make people dislike you');",
              "err": {},
              "uuid": "838ce2a6-c30c-44f7-be09-c1cb973f2ea9",
              "parentUUID": "9053ba46-cb71-437e-89f8-7a1796e58613",
              "isHook": false,
              "skipped": false
            },
            {
              "title": "should have a back button",
              "fullTitle": "CoursePage should have a back button",
              "timedOut": null,
              "duration": 1974,
              "state": "passed",
              "speed": "fast",
              "pass": true,
              "fail": false,
              "pending": false,
              "context": null,
              "code": "cy.get('.back-button').should('exist');",
              "err": {},
              "uuid": "1a89f7ac-f319-4363-860a-a585c80fdf87",
              "parentUUID": "9053ba46-cb71-437e-89f8-7a1796e58613",
              "isHook": false,
              "skipped": false
            },
            {
              "title": "should display \"ToTopButton\" and work correctly",
              "fullTitle": "CoursePage should display \"ToTopButton\" and work correctly",
              "timedOut": null,
              "duration": 640,
              "state": "passed",
              "speed": "fast",
              "pass": true,
              "fail": false,
              "pending": false,
              "context": null,
              "code": "cy.get('.button-top__icon').click();\ncy.window().its('scrollY').should('equal', 0);",
              "err": {},
              "uuid": "efc79a90-d4a2-4f91-b67f-c2c4a4889061",
              "parentUUID": "9053ba46-cb71-437e-89f8-7a1796e58613",
              "isHook": false,
              "skipped": false
            },
            {
              "title": "should have \"Logo\" in \"Header\"",
              "fullTitle": "CoursePage should have \"Logo\" in \"Header\"",
              "timedOut": null,
              "duration": 350,
              "state": "passed",
              "speed": "fast",
              "pass": true,
              "fail": false,
              "pending": false,
              "context": null,
              "code": "cy.get('.header > a > img').should('be.visible');",
              "err": {},
              "uuid": "1996183b-f290-45be-b2be-b980e6c602cf",
              "parentUUID": "9053ba46-cb71-437e-89f8-7a1796e58613",
              "isHook": false,
              "skipped": false
            },
            {
              "title": "should navigate back to homepage when clicking on \"Logo\" in \"Header\"",
              "fullTitle": "CoursePage should navigate back to homepage when clicking on \"Logo\" in \"Header\"",
              "timedOut": null,
              "duration": 467,
              "state": "passed",
              "speed": "fast",
              "pass": true,
              "fail": false,
              "pending": false,
              "context": null,
              "code": "cy.get('.header > a > img').click();\ncy.url().should('equal', 'https://dmytro-lebedchenko.github.io/react_courses-app/#/');",
              "err": {},
              "uuid": "a62b8c7d-6d92-4f67-aa87-ce103ee65c18",
              "parentUUID": "9053ba46-cb71-437e-89f8-7a1796e58613",
              "isHook": false,
              "skipped": false
            },
            {
              "title": "should have \"Logo\" in \"Footer\"",
              "fullTitle": "CoursePage should have \"Logo\" in \"Footer\"",
              "timedOut": null,
              "duration": 635,
              "state": "passed",
              "speed": "fast",
              "pass": true,
              "fail": false,
              "pending": false,
              "context": null,
              "code": "cy.get('.footer__container > [href=\"#/\"] > img').should('be.visible');",
              "err": {},
              "uuid": "3f421b78-eceb-4328-bbe7-81e51e6ae61d",
              "parentUUID": "9053ba46-cb71-437e-89f8-7a1796e58613",
              "isHook": false,
              "skipped": false
            },
            {
              "title": "should navigate back to homepage when clicking on \"Logo\" in \"Footer\"",
              "fullTitle": "CoursePage should navigate back to homepage when clicking on \"Logo\" in \"Footer\"",
              "timedOut": null,
              "duration": 864,
              "state": "passed",
              "speed": "fast",
              "pass": true,
              "fail": false,
              "pending": false,
              "context": null,
              "code": "cy.get('.footer__container > [href=\"#/\"] > img').click();\ncy.url().should('equal', 'https://dmytro-lebedchenko.github.io/react_courses-app/#/');",
              "err": {},
              "uuid": "f46d7115-2e80-40e5-b3a2-b012f9fbae7c",
              "parentUUID": "9053ba46-cb71-437e-89f8-7a1796e58613",
              "isHook": false,
              "skipped": false
            },
            {
              "title": "should have a playlist with multiple items",
              "fullTitle": "CoursePage should have a playlist with multiple items",
              "timedOut": null,
              "duration": 2010,
              "state": "passed",
              "speed": "fast",
              "pass": true,
              "fail": false,
              "pending": false,
              "context": null,
              "code": "cy.get('.playlist__item').should('have.length.greaterThan', 1);",
              "err": {},
              "uuid": "250eda9e-14ad-406e-83dc-ecf8311c8a32",
              "parentUUID": "9053ba46-cb71-437e-89f8-7a1796e58613",
              "isHook": false,
              "skipped": false
            },
            {
              "title": "should start playing the correct video when clicking a playlist item",
              "fullTitle": "CoursePage should start playing the correct video when clicking a playlist item",
              "timedOut": null,
              "duration": 3976,
              "state": "passed",
              "speed": "fast",
              "pass": true,
              "fail": false,
              "pending": false,
              "context": null,
              "code": "cy.get('.playlist__item').eq(2).click();\ncy.wait(2000);\ncy.url().should('include', 'lesson=71742b9d-e4f4-4c32-89bb-a257e58ca096');",
              "err": {},
              "uuid": "5ec32242-b3e9-4f3a-9ef0-a315f71910ba",
              "parentUUID": "9053ba46-cb71-437e-89f8-7a1796e58613",
              "isHook": false,
              "skipped": false
            },
            {
              "title": "should display the correct lesson title",
              "fullTitle": "CoursePage should display the correct lesson title",
              "timedOut": null,
              "duration": 2142,
              "state": "passed",
              "speed": "fast",
              "pass": true,
              "fail": false,
              "pending": false,
              "context": null,
              "code": "cy.get('.playlist__item--active > .playlist__item-title').invoke('text').then(playlistTitle => {\n  cy.get('.player__title').invoke('text').should('equal', playlistTitle.trim());\n});",
              "err": {},
              "uuid": "0b62561d-aeb8-44be-b296-5f7bd2a63657",
              "parentUUID": "9053ba46-cb71-437e-89f8-7a1796e58613",
              "isHook": false,
              "skipped": false
            },
            {
              "title": "should contain a footer link to GitHub",
              "fullTitle": "CoursePage should contain a footer link to GitHub",
              "timedOut": null,
              "duration": 369,
              "state": "passed",
              "speed": "fast",
              "pass": true,
              "fail": false,
              "pending": false,
              "context": null,
              "code": "cy.get('.footer__link').should('have.attr', 'href', 'https://github.com/dmytro-lebedchenko').and('contain', 'Github');",
              "err": {},
              "uuid": "578d42ed-72be-4682-84d5-a73250202175",
              "parentUUID": "9053ba46-cb71-437e-89f8-7a1796e58613",
              "isHook": false,
              "skipped": false
            }
          ],
          "suites": [],
          "passes": [
            "c190a8fc-ca63-43bb-a3ae-f0082c78fed6",
            "838ce2a6-c30c-44f7-be09-c1cb973f2ea9",
            "1a89f7ac-f319-4363-860a-a585c80fdf87",
            "efc79a90-d4a2-4f91-b67f-c2c4a4889061",
            "1996183b-f290-45be-b2be-b980e6c602cf",
            "a62b8c7d-6d92-4f67-aa87-ce103ee65c18",
            "3f421b78-eceb-4328-bbe7-81e51e6ae61d",
            "f46d7115-2e80-40e5-b3a2-b012f9fbae7c",
            "250eda9e-14ad-406e-83dc-ecf8311c8a32",
            "5ec32242-b3e9-4f3a-9ef0-a315f71910ba",
            "0b62561d-aeb8-44be-b296-5f7bd2a63657",
            "578d42ed-72be-4682-84d5-a73250202175"
          ],
          "failures": [],
          "pending": [],
          "skipped": [],
          "duration": 16502,
          "root": false,
          "rootEmpty": false,
          "_timeout": 2000
        },
        {
          "uuid": "82d0d005-e348-4547-a007-a96df2cd6430",
          "title": "NotFoundPage",
          "fullFile": "",
          "file": "",
          "beforeHooks": [],
          "afterHooks": [],
          "tests": [
            {
              "title": "should display the \"not found\" message",
              "fullTitle": "NotFoundPage should display the \"not found\" message",
              "timedOut": null,
              "duration": 388,
              "state": "passed",
              "speed": "fast",
              "pass": true,
              "fail": false,
              "pending": false,
              "context": null,
              "code": "cy.get('.not-found-page__title').should('have.text', 'Oh, no! Page is not found...');",
              "err": {},
              "uuid": "9d1dc833-dc9d-4f4f-87cd-34096b5180ac",
              "parentUUID": "82d0d005-e348-4547-a007-a96df2cd6430",
              "isHook": false,
              "skipped": false
            },
            {
              "title": "should display the \"not found\" image",
              "fullTitle": "NotFoundPage should display the \"not found\" image",
              "timedOut": null,
              "duration": 409,
              "state": "passed",
              "speed": "fast",
              "pass": true,
              "fail": false,
              "pending": false,
              "context": null,
              "code": "cy.get('.not-found-page__image').should('exist');",
              "err": {},
              "uuid": "8e22ed7a-828c-4966-b631-1c6e4d21a886",
              "parentUUID": "82d0d005-e348-4547-a007-a96df2cd6430",
              "isHook": false,
              "skipped": false
            },
            {
              "title": "should display \"ToTopButton\" and work correctly",
              "fullTitle": "NotFoundPage should display \"ToTopButton\" and work correctly",
              "timedOut": null,
              "duration": 863,
              "state": "passed",
              "speed": "fast",
              "pass": true,
              "fail": false,
              "pending": false,
              "context": null,
              "code": "cy.get('.button-top__icon').click();\ncy.window().its('scrollY').should('equal', 0);",
              "err": {},
              "uuid": "085911de-fb7c-48ca-9e5d-eac6d9edc1cf",
              "parentUUID": "82d0d005-e348-4547-a007-a96df2cd6430",
              "isHook": false,
              "skipped": false
            },
            {
              "title": "should have \"Logo\" in \"Header\"",
              "fullTitle": "NotFoundPage should have \"Logo\" in \"Header\"",
              "timedOut": null,
              "duration": 418,
              "state": "passed",
              "speed": "fast",
              "pass": true,
              "fail": false,
              "pending": false,
              "context": null,
              "code": "cy.get('.header > a > img').should('be.visible');",
              "err": {},
              "uuid": "87ebcdcd-5d69-460d-8af1-cbad60ae275e",
              "parentUUID": "82d0d005-e348-4547-a007-a96df2cd6430",
              "isHook": false,
              "skipped": false
            },
            {
              "title": "should have \"Logo\" in \"Footer\"",
              "fullTitle": "NotFoundPage should have \"Logo\" in \"Footer\"",
              "timedOut": null,
              "duration": 702,
              "state": "passed",
              "speed": "fast",
              "pass": true,
              "fail": false,
              "pending": false,
              "context": null,
              "code": "cy.get('.footer__container > [href=\"#/\"] > img').should('be.visible');",
              "err": {},
              "uuid": "58cdee07-9efb-4b29-aa1f-f46d08dcdcb5",
              "parentUUID": "82d0d005-e348-4547-a007-a96df2cd6430",
              "isHook": false,
              "skipped": false
            }
          ],
          "suites": [],
          "passes": [
            "9d1dc833-dc9d-4f4f-87cd-34096b5180ac",
            "8e22ed7a-828c-4966-b631-1c6e4d21a886",
            "085911de-fb7c-48ca-9e5d-eac6d9edc1cf",
            "87ebcdcd-5d69-460d-8af1-cbad60ae275e",
            "58cdee07-9efb-4b29-aa1f-f46d08dcdcb5"
          ],
          "failures": [],
          "pending": [],
          "skipped": [],
          "duration": 2780,
          "root": false,
          "rootEmpty": false,
          "_timeout": 2000
        }
      ],
      "passes": [],
      "failures": [],
      "pending": [],
      "skipped": [],
      "duration": 0,
      "root": true,
      "rootEmpty": true,
      "_timeout": 2000
    }
  ],
  "meta": {
    "mocha": {
      "version": "7.0.1"
    },
    "mochawesome": {
      "options": {
        "quiet": true,
        "reportFilename": "mochawesome.json",
        "saveHtml": false,
        "saveJson": true,
        "consoleReporter": "spec",
        "useInlineDiffs": false,
        "code": true
      },
      "version": "7.1.3"
    },
    "marge": {
      "options": {
        "id": "default",
        "mochaFile": "cypress/results/results-[hash].xml",
        "toConsole": true,
        "reportDir": "cypress/results",
        "reportFilename": "mochawesome.json",
        "quiet": true,
        "overwrite": false,
        "html": false,
        "json": true
      },
      "version": "6.2.0"
    }
  }
}